<?xml version="1.0" encoding="UTF-8"?>
<testng-results skipped="0" failed="0" total="1" passed="1">
  <reporter-output>
  </reporter-output>
  <suite name="Gmail Suite" duration-ms="102221" started-at="2020-05-05T14:54:29Z" finished-at="2020-05-05T14:56:12Z">
    <groups>
    </groups>
    <test name="amazonProductCheckout" duration-ms="102221" started-at="2020-05-05T14:54:29Z" finished-at="2020-05-05T14:56:12Z">
      <class name="com.amazon.test.ProductCheckout">
        <test-method status="PASS" signature="setup(java.lang.String)[pri:0, instance:com.amazon.test.ProductCheckout@25bbe1b6]" name="setup" is-config="true" duration-ms="24284" started-at="2020-05-05T20:24:05Z" finished-at="2020-05-05T20:24:29Z">
          <params>
            <param index="0">
              <value>
                <![CDATA[Android]]>
              </value>
            </param>
          </params>
          <reporter-output>
          </reporter-output>
        </test-method> <!-- setup -->
        <test-method status="PASS" signature="testProductCheckout(java.lang.String)[pri:0, instance:com.amazon.test.ProductCheckout@25bbe1b6]" name="testProductCheckout" duration-ms="100855" started-at="2020-05-05T20:24:31Z" data-provider="productType" finished-at="2020-05-05T20:26:12Z">
          <params>
            <param index="0">
              <value>
                <![CDATA[1kg almond]]>
              </value>
            </param>
          </params>
          <reporter-output>
          </reporter-output>
        </test-method> <!-- testProductCheckout -->
        <test-method status="PASS" signature="teardown()[pri:0, instance:com.amazon.test.ProductCheckout@25bbe1b6]" name="teardown" is-config="true" duration-ms="3199" started-at="2020-05-05T20:26:12Z" finished-at="2020-05-05T20:26:15Z">
          <reporter-output>
          </reporter-output>
        </test-method> <!-- teardown -->
      </class> <!-- com.amazon.test.ProductCheckout -->
    </test> <!-- amazonProductCheckout -->
  </suite> <!-- Gmail Suite -->
</testng-results>
