<?xml version="1.0" encoding="UTF-8"?>
<!-- Generated by org.testng.reporters.JUnitXMLReporter -->
<testsuite hostname="dk-PC" name="placeFinder" tests="1" failures="1" timestamp="9 Apr 2020 08:06:27 GMT" time="0.887" errors="0">
  <testcase name="searchTest" time="0.108" classname="test.AndroidTest">
    <failure type="org.openqa.selenium.InvalidSelectorException" message="Locator Strategy &amp;apos;css selector&amp;apos; is not supported for this session
For documentation on this error, please visit: http://seleniumhq.org/exceptions/invalid_selector_exception.html
Build info: version: &amp;apos;3.14.0&amp;apos;, revision: &amp;apos;aacccce0&amp;apos;, time: &amp;apos;2018-08-02T20:19:58.91Z&amp;apos;
System info: host: &amp;apos;DK-PC&amp;apos;, ip: &amp;apos;192.168.1.101&amp;apos;, os.name: &amp;apos;Windows 7&amp;apos;, os.arch: &amp;apos;amd64&amp;apos;, os.version: &amp;apos;6.1&amp;apos;, java.version: &amp;apos;1.8.0_241&amp;apos;
Driver info: org.openqa.selenium.remote.RemoteWebDriver
Capabilities {app: F:\Interviews\PlaceFinderAp..., appActivity: .mvvm.search.SearchActivity, appPackage: geekboy.placefinder, autoGrantPermissions: true, browserName: , databaseEnabled: false, desired: {app: F:\Interviews\PlaceFinderAp..., appActivity: .mvvm.search.SearchActivity, appPackage: geekboy.placefinder, autoGrantPermissions: true, browserName: , deviceName: A2QDU17111006740, noRest: true, platformName: android, platformVersion: 7.0, udid: A2QDU17111006740}, deviceManufacturer: HUAWEI, deviceModel: BLN-L22, deviceName: A2QDU17111006740, deviceScreenSize: 1080x1920, deviceUDID: A2QDU17111006740, javascriptEnabled: true, locationContextEnabled: false, networkConnectionEnabled: true, noRest: true, platform: LINUX, platformName: LINUX, platformVersion: 7.0, takesScreenshot: true, udid: A2QDU17111006740, warnings: {}, webStorageEnabled: false}
Session ID: 14e8a3de-d673-442e-a07b-e0d23b917687
*** Element info: {Using=id, value=geekboy.placefinder:id/etSearch}">
      <![CDATA[org.openqa.selenium.InvalidSelectorException: Locator Strategy 'css selector' is not supported for this session
For documentation on this error, please visit: http://seleniumhq.org/exceptions/invalid_selector_exception.html
Build info: version: '3.14.0', revision: 'aacccce0', time: '2018-08-02T20:19:58.91Z'
System info: host: 'DK-PC', ip: '192.168.1.101', os.name: 'Windows 7', os.arch: 'amd64', os.version: '6.1', java.version: '1.8.0_241'
Driver info: org.openqa.selenium.remote.RemoteWebDriver
Capabilities {app: F:\Interviews\PlaceFinderAp..., appActivity: .mvvm.search.SearchActivity, appPackage: geekboy.placefinder, autoGrantPermissions: true, browserName: , databaseEnabled: false, desired: {app: F:\Interviews\PlaceFinderAp..., appActivity: .mvvm.search.SearchActivity, appPackage: geekboy.placefinder, autoGrantPermissions: true, browserName: , deviceName: A2QDU17111006740, noRest: true, platformName: android, platformVersion: 7.0, udid: A2QDU17111006740}, deviceManufacturer: HUAWEI, deviceModel: BLN-L22, deviceName: A2QDU17111006740, deviceScreenSize: 1080x1920, deviceUDID: A2QDU17111006740, javascriptEnabled: true, locationContextEnabled: false, networkConnectionEnabled: true, noRest: true, platform: LINUX, platformName: LINUX, platformVersion: 7.0, takesScreenshot: true, udid: A2QDU17111006740, warnings: {}, webStorageEnabled: false}
Session ID: 14e8a3de-d673-442e-a07b-e0d23b917687
*** Element info: {Using=id, value=geekboy.placefinder:id/etSearch}
	at org.openqa.selenium.remote.http.W3CHttpResponseCodec.createException(W3CHttpResponseCodec.java:187)
	at org.openqa.selenium.remote.http.W3CHttpResponseCodec.decode(W3CHttpResponseCodec.java:122)
	at org.openqa.selenium.remote.http.W3CHttpResponseCodec.decode(W3CHttpResponseCodec.java:49)
	at org.openqa.selenium.remote.HttpCommandExecutor.execute(HttpCommandExecutor.java:158)
	at org.openqa.selenium.remote.RemoteWebDriver.execute(RemoteWebDriver.java:548)
	at org.openqa.selenium.remote.RemoteWebDriver.findElement(RemoteWebDriver.java:322)
	at org.openqa.selenium.remote.RemoteWebDriver.findElementById(RemoteWebDriver.java:368)
	at org.openqa.selenium.By$ById.findElement(By.java:188)
	at org.openqa.selenium.remote.RemoteWebDriver.findElement(RemoteWebDriver.java:314)
	at test.AndroidTest.searchTest(AndroidTest.java:12)
	at java.util.concurrent.FutureTask.run(Unknown Source)
	at java.util.concurrent.ThreadPoolExecutor.runWorker(Unknown Source)
	at java.util.concurrent.ThreadPoolExecutor$Worker.run(Unknown Source)
	at java.lang.Thread.run(Unknown Source)
... Removed 20 stack frames]]>
    </failure>
  </testcase> <!-- searchTest -->
</testsuite> <!-- placeFinder -->
